<?xml version="1.0" encoding="UTF-8"?>
<!-- Generated by org.testng.reporters.JUnitReportReporter -->
<testsuite skipped="0" hostname="Abhinavs-MacBook-Air.local" name="pack1.Test1" tests="1" failures="0" timestamp="11 Feb 2019 18:25:22 GMT" time="0.002" errors="0">
  <testcase name="Login" time="0.002" classname="pack1.Test1"/>
</testsuite> <!-- pack1.Test1 -->
